Microsoft HTML Help Compiler 4.74.8702

Compiling d:\生命禅院文集202303TXT\新时代人类八百理念第三版.CHM

《新时代人类八百理念》第三版（0 前言）.txt
《新时代人类八百理念》第三版（101-200）.txt
《新时代人类八百理念》第三版（1-100）.txt
《新时代人类八百理念》第三版（201-300）.txt
《新时代人类八百理念》第三版（301-400）.txt
《新时代人类八百理念》第三版（401-500）.txt
《新时代人类八百理念》第三版（501-600）.txt
《新时代人类八百理念》第三版（601-700）.txt
《新时代人类八百理念》第三版（701-800）.txt
TOC-Created-By-Easy-CHM.HHC
Index-Created-By-Easy-CHM.HHK

Compile time: 0 minutes, 0 seconds
11	Topics
0	Local links
0	Internet links
0	Graphics


Created d:\生命禅院文集202303TXT\新时代人类八百理念第三版.CHM, 65,901 bytes
Compression decreased file by 45,946 bytes.
